<?xml version="1.0" encoding="utf-8"?><testsuites name="pytest tests"><testsuite name="pytest" errors="0" failures="0" skipped="0" tests="10" time="1.659" timestamp="2026-07-20T15:33:00.427253+00:00" hostname="agent-env-aacf1bf5-37bd-4f62-b93b-f708cef32edd"><testcase classname="backend.tests.test_contact_form.TestPublicContact" name="test_valid_submission_returns_success" time="0.293" /><testcase classname="backend.tests.test_contact_form.TestPublicContact" name="test_missing_name_returns_400" time="0.223" /><testcase classname="backend.tests.test_contact_form.TestPublicContact" name="test_missing_email_returns_400" time="0.111" /><testcase classname="backend.tests.test_contact_form.TestPublicContact" name="test_missing_subject_returns_400" time="0.088" /><testcase classname="backend.tests.test_contact_form.TestPublicContact" name="test_missing_message_returns_400" time="0.128" /><testcase classname="backend.tests.test_contact_form.TestPublicContact" name="test_whitespace_only_fields_returns_400" time="0.104" /><testcase classname="backend.tests.test_contact_form.TestPublicContact" name="test_empty_payload_returns_400" time="0.096" /><testcase classname="backend.tests.test_contact_form.TestPublicContact" name="test_multiple_submissions_all_persist" time="0.291" /><testcase classname="backend.tests.test_contact_form.TestPublicCMSForContactPage" name="test_public_cms_returns_dict" time="0.079" /><testcase classname="backend.tests.test_contact_form.TestPublicCMSForContactPage" name="test_public_page_content_contact_returns_dict" time="0.117" /></testsuite></testsuites>