<?xml version="1.0" encoding="utf-8"?><testsuites name="pytest tests"><testsuite name="pytest" errors="0" failures="0" skipped="0" tests="4" time="1.964" timestamp="2026-07-20T15:26:44.015375+00:00" hostname="agent-env-aacf1bf5-37bd-4f62-b93b-f708cef32edd"><testcase classname="backend.tests.test_email_queue_status.TestEmailQueueStats" name="test_stats_endpoint_returns_expected_format" time="0.564" /><testcase classname="backend.tests.test_email_queue_status.TestEmailQueueStats" name="test_email_logs_no_stale_queued" time="0.079" /><testcase classname="backend.tests.test_email_queue_status.TestAdminSendEmailStatus" name="test_admin_send_email_updates_log_status" time="1.185" /><testcase classname="backend.tests.test_email_queue_status.TestEmailQueueList" name="test_queue_list_endpoint" time="0.089" /></testsuite></testsuites>