<?xml version="1.0" encoding="utf-8"?><testsuites name="pytest tests"><testsuite name="pytest" errors="0" failures="1" skipped="0" tests="4" time="17.728" timestamp="2026-07-20T15:19:59.929949+00:00" hostname="agent-env-aacf1bf5-37bd-4f62-b93b-f708cef32edd"><testcase classname="backend.tests.test_email_queue_status.TestEmailQueueStats" name="test_stats_endpoint_returns_expected_format" time="0.692" /><testcase classname="backend.tests.test_email_queue_status.TestEmailQueueStats" name="test_email_logs_no_stale_queued" time="0.091" /><testcase classname="backend.tests.test_email_queue_status.TestAdminSendEmailStatus" name="test_admin_send_email_updates_log_status" time="16.768"><failure message="AssertionError: Log status is 'queued', expected 'sent' or 'failed' (NOT 'queued' — this is the exact bug being fixed)&#10;assert 'queued' in ('sent', 'failed')">backend/tests/test_email_queue_status.py:99: in test_admin_send_email_updates_log_status
    assert final_status in ("sent", "failed"), (
E   AssertionError: Log status is 'queued', expected 'sent' or 'failed' (NOT 'queued' — this is the exact bug being fixed)
E   assert 'queued' in ('sent', 'failed')</failure></testcase><testcase classname="backend.tests.test_email_queue_status.TestEmailQueueList" name="test_queue_list_endpoint" time="0.105" /></testsuite></testsuites>