<?xml version="1.0" encoding="utf-8"?><testsuites name="pytest tests"><testsuite name="pytest" errors="0" failures="0" skipped="1" tests="18" time="3.447" timestamp="2026-07-24T07:14:08.059492+00:00" hostname="agent-env-aacf1bf5-37bd-4f62-b93b-f708cef32edd"><testcase classname="backend.tests.test_admin_users_upgrade.TestAuthMe" name="test_me_returns_role_and_permissions" time="0.442" /><testcase classname="backend.tests.test_admin_users_upgrade.TestAdminUserCRUD" name="test_list_admin_users" time="0.082" /><testcase classname="backend.tests.test_admin_users_upgrade.TestAdminUserCRUD" name="test_create_event_manager_admin" time="0.390" /><testcase classname="backend.tests.test_admin_users_upgrade.TestAdminUserCRUD" name="test_create_admin_role" time="0.296" /><testcase classname="backend.tests.test_admin_users_upgrade.TestAdminUserCRUD" name="test_create_missing_fields_returns_400" time="0.089" /><testcase classname="backend.tests.test_admin_users_upgrade.TestAdminUserCRUD" name="test_create_invalid_role_returns_400" time="0.117" /><testcase classname="backend.tests.test_admin_users_upgrade.TestAdminUserCRUD" name="test_duplicate_email_rejected" time="0.075" /><testcase classname="backend.tests.test_admin_users_upgrade.TestAdminUserCRUD" name="test_update_admin_user" time="0.151" /><testcase classname="backend.tests.test_admin_users_upgrade.TestAdminUserCRUD" name="test_reset_password" time="0.717" /><testcase classname="backend.tests.test_admin_users_upgrade.TestAdminUserCRUD" name="test_reset_password_too_short" time="0.077" /><testcase classname="backend.tests.test_admin_users_upgrade.TestAdminUserCRUD" name="test_non_super_admin_forbidden" time="0.077"><skipped type="pytest.skip" message="em not present">/app/backend/tests/test_admin_users_upgrade.py:161: em not present</skipped></testcase><testcase classname="backend.tests.test_admin_users_upgrade.TestAdminUserCRUD" name="test_zz_cleanup_created_users" time="0.287" /><testcase classname="backend.tests.test_admin_users_upgrade.TestAdminUserCRUD" name="test_cannot_delete_self" time="0.183" /><testcase classname="backend.tests.test_admin_users_upgrade.TestMembershipUpgradePublic" name="test_lookup_missing_id_returns_400" time="0.074" /><testcase classname="backend.tests.test_admin_users_upgrade.TestMembershipUpgradePublic" name="test_lookup_not_found_returns_404" time="0.083" /><testcase classname="backend.tests.test_admin_users_upgrade.TestMembershipUpgradePublic" name="test_upgrade_missing_member_id" time="0.093" /><testcase classname="backend.tests.test_admin_users_upgrade.TestMembershipUpgradePublic" name="test_upgrade_member_not_found" time="0.075" /><testcase classname="backend.tests.test_admin_users_upgrade.TestNoAdminAdminUsersDupWins" name="test_get_admin_users_requires_super_admin" time="0.078" /></testsuite></testsuites>