<?xml version="1.0" encoding="utf-8"?><testsuites name="pytest tests"><testsuite name="pytest" errors="0" failures="0" skipped="0" tests="8" time="1.718" timestamp="2026-08-08T07:28:29.233466+00:00" hostname="agent-env-aacf1bf5-37bd-4f62-b93b-f708cef32edd"><testcase classname="backend.tests.test_iteration47.TestCMSByelaws" name="test_get_current_cms" time="0.596" /><testcase classname="backend.tests.test_iteration47.TestCMSByelaws" name="test_update_and_persist_byelaws" time="0.410" /><testcase classname="backend.tests.test_iteration47.TestRegenerateCertificates" name="test_regen_response_structure" time="0.091" /><testcase classname="backend.tests.test_iteration47.TestRegenerateCertificates" name="test_regen_requires_auth" time="0.086" /><testcase classname="backend.tests.test_iteration47.TestSendEmailUpgraded" name="test_missing_subject_body_400" time="0.157" /><testcase classname="backend.tests.test_iteration47.TestSendEmailUpgraded" name="test_send_email_only" time="0.084" /><testcase classname="backend.tests.test_iteration47.TestSendEmailUpgraded" name="test_send_whatsapp_only" time="0.157" /><testcase classname="backend.tests.test_iteration47.TestSendEmailUpgraded" name="test_send_both_with_cc_and_attachment" time="0.082" /></testsuite></testsuites>