<?xml version="1.0" encoding="utf-8"?><testsuites name="pytest tests"><testsuite name="pytest" errors="0" failures="0" skipped="0" tests="24" time="2.945" timestamp="2026-07-15T05:31:39.663874+00:00" hostname="agent-env-aacf1bf5-37bd-4f62-b93b-f708cef32edd"><testcase classname="backend.tests.test_email_system_iter28.TestTemplateList" name="test_list_returns_all_7_default_templates" time="0.479" /><testcase classname="backend.tests.test_email_system_iter28.TestTemplateList" name="test_get_each_default_template[certificate_issued]" time="0.189" /><testcase classname="backend.tests.test_email_system_iter28.TestTemplateList" name="test_get_each_default_template[event_notification]" time="0.080" /><testcase classname="backend.tests.test_email_system_iter28.TestTemplateList" name="test_get_each_default_template[event_participation]" time="0.075" /><testcase classname="backend.tests.test_email_system_iter28.TestTemplateList" name="test_get_each_default_template[event_registration_confirmed]" time="0.077" /><testcase classname="backend.tests.test_email_system_iter28.TestTemplateList" name="test_get_each_default_template[membership_approved]" time="0.091" /><testcase classname="backend.tests.test_email_system_iter28.TestTemplateList" name="test_get_each_default_template[membership_rejected]" time="0.107" /><testcase classname="backend.tests.test_email_system_iter28.TestTemplateList" name="test_get_each_default_template[registration_submitted]" time="0.088" /><testcase classname="backend.tests.test_email_system_iter28.TestTemplateUpdateReset" name="test_update_subject_body_reflects_in_get" time="0.269" /><testcase classname="backend.tests.test_email_system_iter28.TestTemplateUpdateReset" name="test_reset_default_template" time="0.216" /><testcase classname="backend.tests.test_email_system_iter28.TestCustomTemplateCRUD" name="test_create_custom_template" time="0.074" /><testcase classname="backend.tests.test_email_system_iter28.TestCustomTemplateCRUD" name="test_custom_template_in_list_marked_is_custom" time="0.076" /><testcase classname="backend.tests.test_email_system_iter28.TestCustomTemplateCRUD" name="test_delete_default_template_returns_400" time="0.065" /><testcase classname="backend.tests.test_email_system_iter28.TestCustomTemplateCRUD" name="test_delete_custom_template" time="0.173" /><testcase classname="backend.tests.test_email_system_iter28.TestTemplatePreview" name="test_preview_renders_sample_data[certificate_issued]" time="0.082" /><testcase classname="backend.tests.test_email_system_iter28.TestTemplatePreview" name="test_preview_renders_sample_data[event_notification]" time="0.108" /><testcase classname="backend.tests.test_email_system_iter28.TestTemplatePreview" name="test_preview_renders_sample_data[event_participation]" time="0.080" /><testcase classname="backend.tests.test_email_system_iter28.TestTemplatePreview" name="test_preview_renders_sample_data[event_registration_confirmed]" time="0.074" /><testcase classname="backend.tests.test_email_system_iter28.TestTemplatePreview" name="test_preview_renders_sample_data[membership_approved]" time="0.076" /><testcase classname="backend.tests.test_email_system_iter28.TestTemplatePreview" name="test_preview_renders_sample_data[membership_rejected]" time="0.081" /><testcase classname="backend.tests.test_email_system_iter28.TestTemplatePreview" name="test_preview_renders_sample_data[registration_submitted]" time="0.076" /><testcase classname="backend.tests.test_email_system_iter28.TestEmailQueue" name="test_get_queue" time="0.073" /><testcase classname="backend.tests.test_email_system_iter28.TestEmailQueue" name="test_queue_stats" time="0.074" /><testcase classname="backend.tests.test_email_system_iter28.TestCampaignSend" name="test_send_campaign_queues_emails" time="0.101" /></testsuite></testsuites>