<?xml version="1.0" encoding="utf-8"?><testsuites name="pytest tests"><testsuite name="pytest" errors="0" failures="0" skipped="0" tests="14" time="2.326" timestamp="2026-07-15T13:38:22.760995+00:00" hostname="agent-env-aacf1bf5-37bd-4f62-b93b-f708cef32edd"><testcase classname="backend.tests.test_backup_restore_iter30.TestStaticFiles" name="test_requirements_no_emergentintegrations" time="0.000" /><testcase classname="backend.tests.test_backup_restore_iter30.TestStaticFiles" name="test_index_html_no_emergent" time="0.000" /><testcase classname="backend.tests.test_backup_restore_iter30.TestStaticFiles" name="test_public_home_no_emergent_badge" time="0.201" /><testcase classname="backend.tests.test_backup_restore_iter30.TestBackupInfo" name="test_info_requires_auth" time="0.088" /><testcase classname="backend.tests.test_backup_restore_iter30.TestBackupInfo" name="test_info_returns_stats" time="0.570" /><testcase classname="backend.tests.test_backup_restore_iter30.TestBackupDownload" name="test_backup_database_returns_zip" time="0.149" /><testcase classname="backend.tests.test_backup_restore_iter30.TestBackupDownload" name="test_backup_uploads_returns_zip" time="0.671" /><testcase classname="backend.tests.test_backup_restore_iter30.TestRestoreEndpoints" name="test_restore_database_rejects_non_zip" time="0.092" /><testcase classname="backend.tests.test_backup_restore_iter30.TestRestoreEndpoints" name="test_restore_uploads_rejects_non_zip" time="0.122" /><testcase classname="backend.tests.test_backup_restore_iter30.TestRestoreEndpoints" name="test_restore_uploads_with_empty_zip" time="0.094" /><testcase classname="backend.tests.test_backup_restore_iter30.TestFactoryReset" name="test_factory_reset_without_confirm" time="0.099" /><testcase classname="backend.tests.test_backup_restore_iter30.TestFactoryReset" name="test_factory_reset_wrong_confirm" time="0.094" /><testcase classname="backend.tests.test_backup_restore_iter30.TestFactoryReset" name="test_factory_reset_requires_auth" time="0.077" /><testcase classname="backend.tests.test_backup_restore_iter30.TestNoSeedDemo" name="test_no_seed_demo_members_or_executive_in_startup_code" time="0.001" /></testsuite></testsuites>