<?xml version="1.0" encoding="utf-8"?><testsuites name="pytest tests"><testsuite name="pytest" errors="0" failures="0" skipped="0" tests="29" time="2.135" timestamp="2026-07-15T08:48:35.362089+00:00" hostname="agent-env-aacf1bf5-37bd-4f62-b93b-f708cef32edd"><testcase classname="backend.tests.test_sitewide_qa_iter29.TestSEO" name="test_sitemap_xml" time="0.159" /><testcase classname="backend.tests.test_sitewide_qa_iter29.TestSEO" name="test_robots_txt" time="0.150" /><testcase classname="backend.tests.test_sitewide_qa_iter29.TestPageContent" name="test_page_content_endpoint[navbar]" time="0.050" /><testcase classname="backend.tests.test_sitewide_qa_iter29.TestPageContent" name="test_page_content_endpoint[footer]" time="0.080" /><testcase classname="backend.tests.test_sitewide_qa_iter29.TestPageContent" name="test_page_content_endpoint[scripts]" time="0.045" /><testcase classname="backend.tests.test_sitewide_qa_iter29.TestPageContent" name="test_page_content_endpoint[home]" time="0.049" /><testcase classname="backend.tests.test_sitewide_qa_iter29.TestPageContent" name="test_page_content_endpoint[about]" time="0.041" /><testcase classname="backend.tests.test_sitewide_qa_iter29.TestPageContent" name="test_page_content_endpoint[contact]" time="0.043" /><testcase classname="backend.tests.test_sitewide_qa_iter29.TestPublicLists" name="test_events_list" time="0.082" /><testcase classname="backend.tests.test_sitewide_qa_iter29.TestPublicLists" name="test_event_detail" time="0.041" /><testcase classname="backend.tests.test_sitewide_qa_iter29.TestPublicLists" name="test_publications_list" time="0.042" /><testcase classname="backend.tests.test_sitewide_qa_iter29.TestPublicLists" name="test_gallery_list" time="0.078" /><testcase classname="backend.tests.test_sitewide_qa_iter29.TestPublicLists" name="test_executive_members" time="0.040" /><testcase classname="backend.tests.test_sitewide_qa_iter29.TestPublicLists" name="test_membership_plans" time="0.052" /><testcase classname="backend.tests.test_sitewide_qa_iter29.TestPublicLists" name="test_sliders" time="0.049" /><testcase classname="backend.tests.test_sitewide_qa_iter29.TestCertificateVerify" name="test_verify_invalid" time="0.045" /><testcase classname="backend.tests.test_sitewide_qa_iter29.TestAdminEndpoints" name="test_dashboard_stats" time="0.389" /><testcase classname="backend.tests.test_sitewide_qa_iter29.TestAdminEndpoints" name="test_members_list" time="0.040" /><testcase classname="backend.tests.test_sitewide_qa_iter29.TestAdminEndpoints" name="test_events_admin_list" time="0.040" /><testcase classname="backend.tests.test_sitewide_qa_iter29.TestAdminEndpoints" name="test_email_templates" time="0.040" /><testcase classname="backend.tests.test_sitewide_qa_iter29.TestAdminEndpoints" name="test_email_queue_stats" time="0.083" /><testcase classname="backend.tests.test_sitewide_qa_iter29.TestAdminEndpoints" name="test_smtp_settings" time="0.088" /><testcase classname="backend.tests.test_sitewide_qa_iter29.TestAdminEndpoints" name="test_certificates_list" time="0.054" /><testcase classname="backend.tests.test_sitewide_qa_iter29.TestAdminEndpoints" name="test_executive_admin" time="0.055" /><testcase classname="backend.tests.test_sitewide_qa_iter29.TestAdminEndpoints" name="test_cms_list" time="0.042" /><testcase classname="backend.tests.test_sitewide_qa_iter29.TestAdminEndpoints" name="test_gallery_admin" time="0.043" /><testcase classname="backend.tests.test_sitewide_qa_iter29.TestAdminEndpoints" name="test_news_admin" time="0.042" /><testcase classname="backend.tests.test_sitewide_qa_iter29.TestAdminEndpoints" name="test_publications_admin" time="0.053" /><testcase classname="backend.tests.test_sitewide_qa_iter29.TestAdminEndpoints" name="test_reports" time="0.049" /></testsuite></testsuites>