<?xml version="1.0" encoding="utf-8"?><testsuites name="pytest tests"><testsuite name="pytest" errors="0" failures="0" skipped="1" tests="6" time="1.333" timestamp="2026-08-08T07:56:47.553443+00:00" hostname="agent-env-aacf1bf5-37bd-4f62-b93b-f708cef32edd"><testcase classname="backend.tests.test_iteration48.TestCMSTerms" name="test_get_public_cms_contains_terms_field" time="0.111" /><testcase classname="backend.tests.test_iteration48.TestCMSTerms" name="test_admin_put_and_get_terms" time="0.740" /><testcase classname="backend.tests.test_iteration48.TestCertDownload" name="test_download_existing_cert_returns_pdf" time="0.000"><skipped type="pytest.skip" message="No certificate_records present in DB — cert download enrichment path exercised only when records exist. 404 branch is covered separately.">/app/backend/tests/test_iteration48.py:75: No certificate_records present in DB — cert download enrichment path exercised only when records exist. 404 branch is covered separately.</skipped></testcase><testcase classname="backend.tests.test_iteration48.TestCertDownload" name="test_download_nonexistent_returns_404" time="0.073" /><testcase classname="backend.tests.test_iteration48.TestSendMemberEmail" name="test_send_email_returns_channel_structure" time="0.150" /><testcase classname="backend.tests.test_iteration48.TestSendMemberEmail" name="test_missing_subject_returns_400" time="0.202" /></testsuite></testsuites>