<?xml version="1.0" encoding="utf-8"?><testsuites name="pytest tests"><testsuite name="pytest" errors="0" failures="0" skipped="0" tests="15" time="11.499" timestamp="2026-03-14T09:36:24.785171+00:00" hostname="agent-env-0df172e5-f9d1-49a8-9c02-88fcc7d9372b"><testcase classname="backend.tests.test_sliders.TestPublicSlidersAPI" name="test_get_public_sliders_returns_200" time="0.574" /><testcase classname="backend.tests.test_sliders.TestPublicSlidersAPI" name="test_get_public_sliders_returns_list" time="0.411" /><testcase classname="backend.tests.test_sliders.TestPublicSlidersAPI" name="test_get_public_sliders_sorted_by_order" time="0.447" /><testcase classname="backend.tests.test_sliders.TestAdminSlidersAPI" name="test_get_admin_sliders_requires_auth" time="0.407" /><testcase classname="backend.tests.test_sliders.TestAdminSlidersAPI" name="test_get_admin_sliders_returns_list" time="1.271" /><testcase classname="backend.tests.test_sliders.TestAdminSlidersAPI" name="test_create_slider_success" time="0.827" /><testcase classname="backend.tests.test_sliders.TestAdminSlidersAPI" name="test_create_slider_requires_image_url" time="0.850" /><testcase classname="backend.tests.test_sliders.TestAdminSlidersAPI" name="test_update_slider_success" time="1.246" /><testcase classname="backend.tests.test_sliders.TestAdminSlidersAPI" name="test_delete_slider_success" time="1.251" /><testcase classname="backend.tests.test_sliders.TestAdminSlidersAPI" name="test_delete_slider_not_found" time="0.410" /><testcase classname="backend.tests.test_sliders.TestSliderReorderAPI" name="test_reorder_sliders_success" time="1.237" /><testcase classname="backend.tests.test_sliders.TestSliderReorderAPI" name="test_reorder_requires_auth" time="0.413" /><testcase classname="backend.tests.test_sliders.TestSliderDataValidation" name="test_slider_has_required_fields" time="0.415" /><testcase classname="backend.tests.test_sliders.TestSliderDataValidation" name="test_public_sliders_only_shows_active" time="1.271" /><testcase classname="backend.tests.test_sliders.TestHealthCheck" name="test_api_accessible" time="0.417" /></testsuite></testsuites>