<?xml version="1.0" encoding="utf-8"?><testsuites name="pytest tests"><testsuite name="pytest" errors="0" failures="0" skipped="0" tests="30" time="34.962" timestamp="2026-03-09T18:49:50.561458+00:00" hostname="agent-env-3db26fe1-6c24-4fb2-b4b4-ee4eb0f65423"><testcase classname="tests.test_idsea_api.TestPublicEndpoints" name="test_public_stats" time="0.612" /><testcase classname="tests.test_idsea_api.TestPublicEndpoints" name="test_public_members" time="0.426" /><testcase classname="tests.test_idsea_api.TestPublicEndpoints" name="test_public_events" time="0.411" /><testcase classname="tests.test_idsea_api.TestPublicEndpoints" name="test_public_news" time="0.437" /><testcase classname="tests.test_idsea_api.TestPublicEndpoints" name="test_public_publications" time="0.436" /><testcase classname="tests.test_idsea_api.TestPublicEndpoints" name="test_public_gallery" time="0.419" /><testcase classname="tests.test_idsea_api.TestPublicEndpoints" name="test_public_executive" time="0.481" /><testcase classname="tests.test_idsea_api.TestPublicEndpoints" name="test_public_cms" time="0.431" /><testcase classname="tests.test_idsea_api.TestAuthEndpoints" name="test_login_success" time="0.672" /><testcase classname="tests.test_idsea_api.TestAuthEndpoints" name="test_login_invalid_credentials" time="0.422" /><testcase classname="tests.test_idsea_api.TestAuthEndpoints" name="test_auth_me" time="1.102" /><testcase classname="tests.test_idsea_api.TestAdminMembersCRUD" name="test_get_members" time="1.067" /><testcase classname="tests.test_idsea_api.TestAdminMembersCRUD" name="test_create_member" time="1.071" /><testcase classname="tests.test_idsea_api.TestAdminMembersCRUD" name="test_member_crud_flow" time="3.154" /><testcase classname="tests.test_idsea_api.TestAdminDashboard" name="test_dashboard" time="1.093" /><testcase classname="tests.test_idsea_api.TestAdminEventsCRUD" name="test_events_crud" time="2.566" /><testcase classname="tests.test_idsea_api.TestAdminNewsCRUD" name="test_news_crud" time="2.401" /><testcase classname="tests.test_idsea_api.TestAdminGalleryCRUD" name="test_gallery_crud" time="2.785" /><testcase classname="tests.test_idsea_api.TestAdminPublicationsCRUD" name="test_publications_crud" time="2.321" /><testcase classname="tests.test_idsea_api.TestAdminExecutiveCRUD" name="test_executive_crud" time="2.444" /><testcase classname="tests.test_idsea_api.TestAdminEmailSystem" name="test_email_logs" time="1.076" /><testcase classname="tests.test_idsea_api.TestAdminEmailSystem" name="test_send_email" time="1.089" /><testcase classname="tests.test_idsea_api.TestAdminCMS" name="test_get_cms" time="1.110" /><testcase classname="tests.test_idsea_api.TestAdminCMS" name="test_update_cms" time="1.055" /><testcase classname="tests.test_idsea_api.TestAdminReports" name="test_reports_stats" time="1.071" /><testcase classname="tests.test_idsea_api.TestAdminCertificates" name="test_get_certificates" time="1.078" /><testcase classname="tests.test_idsea_api.TestAdminUsers" name="test_get_admin_users" time="1.120" /><testcase classname="tests.test_idsea_api.TestAdminPayments" name="test_get_payments" time="1.064" /><testcase classname="tests.test_idsea_api.TestAdminPayments" name="test_add_manual_payment" time="1.044" /><testcase classname="tests.test_idsea_api.TestPublicMembershipApplication" name="test_apply_membership" time="0.409" /></testsuite></testsuites>