<?xml version="1.0" encoding="utf-8"?><testsuites name="pytest tests"><testsuite name="pytest" errors="0" failures="0" skipped="0" tests="20" time="2.910" timestamp="2026-04-09T11:13:15.739850+00:00" hostname="agent-env-aacf1bf5-37bd-4f62-b93b-f708cef32edd"><testcase classname="backend.tests.test_certificate_templates.TestCertificateTemplatesCRUD" name="test_01_list_templates" time="0.642" /><testcase classname="backend.tests.test_certificate_templates.TestCertificateTemplatesCRUD" name="test_02_create_template" time="0.110" /><testcase classname="backend.tests.test_certificate_templates.TestCertificateTemplatesCRUD" name="test_03_get_template" time="0.087" /><testcase classname="backend.tests.test_certificate_templates.TestCertificateTemplatesCRUD" name="test_04_update_template" time="0.076" /><testcase classname="backend.tests.test_certificate_templates.TestCertificateTemplatesCRUD" name="test_05_clone_template" time="0.201" /><testcase classname="backend.tests.test_certificate_templates.TestCertificateTemplatesCRUD" name="test_06_preview_template" time="0.130" /><testcase classname="backend.tests.test_certificate_templates.TestCertificateTemplatesCRUD" name="test_07_preview_existing_template" time="0.131" /><testcase classname="backend.tests.test_certificate_templates.TestCertificateTemplatesCRUD" name="test_08_delete_template" time="0.228" /><testcase classname="backend.tests.test_certificate_templates.TestCertificateGeneration" name="test_01_get_members_for_generation" time="0.107" /><testcase classname="backend.tests.test_certificate_templates.TestCertificateGeneration" name="test_02_generate_member_certificate" time="0.185" /><testcase classname="backend.tests.test_certificate_templates.TestCertificateGeneration" name="test_03_get_events_for_generation" time="0.109" /><testcase classname="backend.tests.test_certificate_templates.TestCertificateGeneration" name="test_04_generate_event_certificates_bulk" time="0.097" /><testcase classname="backend.tests.test_certificate_templates.TestCertificateTemplateValidation" name="test_01_get_nonexistent_template" time="0.096" /><testcase classname="backend.tests.test_certificate_templates.TestCertificateTemplateValidation" name="test_02_update_nonexistent_template" time="0.082" /><testcase classname="backend.tests.test_certificate_templates.TestCertificateTemplateValidation" name="test_03_delete_nonexistent_template" time="0.104" /><testcase classname="backend.tests.test_certificate_templates.TestCertificateTemplateValidation" name="test_04_clone_nonexistent_template" time="0.096" /><testcase classname="backend.tests.test_certificate_templates.TestCertificateTemplateValidation" name="test_05_preview_nonexistent_template" time="0.081" /><testcase classname="backend.tests.test_certificate_templates.TestCertificateTemplateValidation" name="test_06_generate_member_cert_nonexistent_template" time="0.108" /><testcase classname="backend.tests.test_certificate_templates.TestCertificateTemplateValidation" name="test_07_generate_event_cert_nonexistent_template" time="0.077" /><testcase classname="backend.tests.test_certificate_templates.TestCertificateTemplateValidation" name="test_08_unauthorized_access" time="0.079" /></testsuite></testsuites>