<?xml version="1.0" encoding="utf-8"?><testsuites name="pytest tests"><testsuite name="pytest" errors="0" failures="0" skipped="0" tests="14" time="13.118" timestamp="2026-03-18T17:31:47.102848+00:00" hostname="agent-env-5f9c99f6-99c2-4f4f-ab61-d30fa2021f04"><testcase classname="backend.tests.test_payment_system.TestPublicPaymentAPIs" name="test_public_payment_settings" time="0.558" /><testcase classname="backend.tests.test_payment_system.TestPublicPaymentAPIs" name="test_upi_qr_generation" time="0.424" /><testcase classname="backend.tests.test_payment_system.TestPublicPaymentAPIs" name="test_upi_qr_different_amounts" time="1.419" /><testcase classname="backend.tests.test_payment_system.TestUTRSubmission" name="test_submit_utr_success" time="0.406" /><testcase classname="backend.tests.test_payment_system.TestUTRSubmission" name="test_submit_utr_bank_transfer" time="0.420" /><testcase classname="backend.tests.test_payment_system.TestUTRSubmission" name="test_submit_utr_missing_utr_number" time="0.429" /><testcase classname="backend.tests.test_payment_system.TestAdminPaymentSettings" name="test_admin_get_payment_settings" time="1.089" /><testcase classname="backend.tests.test_payment_system.TestAdminPaymentSettings" name="test_admin_update_payment_settings" time="2.362" /><testcase classname="backend.tests.test_payment_system.TestAdminPaymentSettings" name="test_admin_get_all_payments" time="1.086" /><testcase classname="backend.tests.test_payment_system.TestAdminUTRVerification" name="test_verify_utr_approve" time="1.492" /><testcase classname="backend.tests.test_payment_system.TestAdminUTRVerification" name="test_verify_utr_reject" time="1.459" /><testcase classname="backend.tests.test_payment_system.TestAdminUTRVerification" name="test_verify_utr_not_found" time="1.061" /><testcase classname="backend.tests.test_payment_system.TestCreatePaymentOrder" name="test_create_order_without_razorpay" time="0.400" /><testcase classname="backend.tests.test_payment_system.TestEventWithPaymentSettings" name="test_get_events_with_registration" time="0.429" /></testsuite></testsuites>