<?xml version="1.0" encoding="utf-8"?><testsuites name="pytest tests"><testsuite name="pytest" errors="0" failures="0" skipped="0" tests="16" time="3.067" timestamp="2026-03-20T05:14:03.017066+00:00" hostname="agent-env-4bae2b52-65e4-42ad-a9c9-bfe751a0b04e"><testcase classname="backend.tests.test_enhanced_registration.TestEventRegistrationEnhancements" name="test_event_has_registration_addons_field" time="0.240" /><testcase classname="backend.tests.test_enhanced_registration.TestEventRegistrationEnhancements" name="test_registration_info_endpoint" time="0.104" /><testcase classname="backend.tests.test_enhanced_registration.TestEventRegistrationEnhancements" name="test_register_as_non_member" time="0.078" /><testcase classname="backend.tests.test_enhanced_registration.TestEventRegistrationEnhancements" name="test_register_as_student" time="0.097" /><testcase classname="backend.tests.test_enhanced_registration.TestEventRegistrationEnhancements" name="test_register_as_international" time="0.126" /><testcase classname="backend.tests.test_enhanced_registration.TestEventRegistrationEnhancements" name="test_register_with_accompanying_persons" time="0.078" /><testcase classname="backend.tests.test_enhanced_registration.TestEventRegistrationEnhancements" name="test_register_as_corporate_industry" time="0.090" /><testcase classname="backend.tests.test_enhanced_registration.TestEventRegistrationEnhancements" name="test_register_with_addons" time="0.080" /><testcase classname="backend.tests.test_enhanced_registration.TestEventRegistrationEnhancements" name="test_addon_fee_included_in_total" time="0.098" /><testcase classname="backend.tests.test_enhanced_registration.TestEventRegistrationEnhancements" name="test_export_includes_new_columns" time="0.444" /><testcase classname="backend.tests.test_enhanced_registration.TestEventRegistrationEnhancements" name="test_admin_get_registrations_returns_new_fields" time="0.081" /><testcase classname="backend.tests.test_enhanced_registration.TestAdminEventAddons" name="test_create_event_with_addons" time="0.519" /><testcase classname="backend.tests.test_enhanced_registration.TestAdminEventAddons" name="test_update_event_addons" time="0.339" /><testcase classname="backend.tests.test_enhanced_registration.TestFeeTiersWith8Categories" name="test_create_event_with_all_8_fee_categories" time="0.448" /><testcase classname="backend.tests.test_enhanced_registration.TestIDSEAMemberRegistration" name="test_member_lookup_endpoint" time="0.084" /><testcase classname="backend.tests.test_enhanced_registration.TestIDSEAMemberRegistration" name="test_member_lookup_with_valid_phone" time="0.074" /></testsuite></testsuites>