<?xml version="1.0" encoding="utf-8"?><testsuites name="pytest tests"><testsuite name="pytest" errors="0" failures="0" skipped="0" tests="15" time="3.179" timestamp="2026-03-17T18:46:42.042896+00:00" hostname="agent-env-0df172e5-f9d1-49a8-9c02-88fcc7d9372b"><testcase classname="backend.tests.test_accommodation_fees.TestEventRegistrationInfo" name="test_registration_info_returns_fee_tiers_with_accommodation_fees" time="0.893" /><testcase classname="backend.tests.test_accommodation_fees.TestEventRegistrationInfo" name="test_early_bird_tier_accommodation_fees" time="0.096" /><testcase classname="backend.tests.test_accommodation_fees.TestEventRegistrationInfo" name="test_accommodation_config_structure" time="0.090" /><testcase classname="backend.tests.test_accommodation_fees.TestEventRegistrationInfo" name="test_free_categories_include_academic" time="0.103" /><testcase classname="backend.tests.test_accommodation_fees.TestEventRegistrationInfo" name="test_premium_hotels_structure" time="0.125" /><testcase classname="backend.tests.test_accommodation_fees.TestEventRegistrationInfo" name="test_membership_fees_returned" time="0.121" /><testcase classname="backend.tests.test_accommodation_fees.TestEventRegistrationSubmission" name="test_register_non_member_with_default_accommodation" time="0.116" /><testcase classname="backend.tests.test_accommodation_fees.TestEventRegistrationSubmission" name="test_register_with_premium_hotel" time="0.087" /><testcase classname="backend.tests.test_accommodation_fees.TestEventRegistrationSubmission" name="test_register_with_self_accommodation" time="0.091" /><testcase classname="backend.tests.test_accommodation_fees.TestEventRegistrationSubmission" name="test_register_academic_member_free_accommodation" time="0.088" /><testcase classname="backend.tests.test_accommodation_fees.TestEventRegistrationSubmission" name="test_register_with_membership_addition" time="0.114" /><testcase classname="backend.tests.test_accommodation_fees.TestAdminEventCRUD" name="test_create_event_with_accommodation_fees" time="0.548" /><testcase classname="backend.tests.test_accommodation_fees.TestAdminEventCRUD" name="test_update_event_accommodation_fees" time="0.367" /><testcase classname="backend.tests.test_accommodation_fees.TestAdminRegistrationManagement" name="test_get_registrations_with_accommodation_details" time="0.091" /><testcase classname="backend.tests.test_accommodation_fees.TestCleanup" name="test_cleanup_test_registrations" time="0.114" /></testsuite></testsuites>