<?xml version="1.0" encoding="utf-8"?><testsuites name="pytest tests"><testsuite name="pytest" errors="0" failures="0" skipped="0" tests="22" time="21.667" timestamp="2026-03-20T11:54:56.213363+00:00" hostname="agent-env-f1ae9f46-0b7d-4f49-b577-a8bb828cf8f5"><testcase classname="backend.tests.test_event_registration_v2.TestAdminAuth" name="test_admin_login" time="0.808" /><testcase classname="backend.tests.test_event_registration_v2.TestMembershipPlansAPI" name="test_get_membership_plans_admin" time="1.022" /><testcase classname="backend.tests.test_event_registration_v2.TestMembershipPlansAPI" name="test_get_public_membership_plans" time="1.481" /><testcase classname="backend.tests.test_event_registration_v2.TestMembershipPlansAPI" name="test_create_membership_plan" time="1.102" /><testcase classname="backend.tests.test_event_registration_v2.TestMembershipPlansAPI" name="test_update_membership_plan" time="2.178" /><testcase classname="backend.tests.test_event_registration_v2.TestMembershipPlansAPI" name="test_toggle_membership_plan" time="1.836" /><testcase classname="backend.tests.test_event_registration_v2.TestMembershipPlansAPI" name="test_delete_membership_plan" time="1.500" /><testcase classname="backend.tests.test_event_registration_v2.TestEventRegistrationInfo" name="test_get_registration_info" time="0.424" /><testcase classname="backend.tests.test_event_registration_v2.TestEventRegistrationInfo" name="test_current_tier_is_early_bird" time="0.436" /><testcase classname="backend.tests.test_event_registration_v2.TestMemberLookup" name="test_member_lookup_not_found" time="0.401" /><testcase classname="backend.tests.test_event_registration_v2.TestMemberLookup" name="test_member_lookup_invalid_phone" time="0.665" /><testcase classname="backend.tests.test_event_registration_v2.TestEventRegistrationSubmission" name="test_register_as_non_member" time="0.396" /><testcase classname="backend.tests.test_event_registration_v2.TestEventRegistrationSubmission" name="test_register_as_student" time="0.419" /><testcase classname="backend.tests.test_event_registration_v2.TestEventRegistrationSubmission" name="test_register_as_international" time="0.414" /><testcase classname="backend.tests.test_event_registration_v2.TestEventRegistrationSubmission" name="test_register_with_premium_hotel" time="0.396" /><testcase classname="backend.tests.test_event_registration_v2.TestEventRegistrationSubmission" name="test_register_with_additional_persons" time="0.386" /><testcase classname="backend.tests.test_event_registration_v2.TestEventRegistrationSubmission" name="test_register_with_addons" time="0.410" /><testcase classname="backend.tests.test_event_registration_v2.TestEventRegistrationSubmission" name="test_register_with_membership" time="0.426" /><testcase classname="backend.tests.test_event_registration_v2.TestEventRegistrationSubmission" name="test_full_registration_all_features" time="0.414" /><testcase classname="backend.tests.test_event_registration_v2.TestAdminRegistrations" name="test_get_event_registrations" time="1.044" /><testcase classname="backend.tests.test_event_registration_v2.TestCleanup" name="test_cleanup_test_registrations" time="4.346" /><testcase classname="backend.tests.test_event_registration_v2.TestCleanup" name="test_cleanup_test_membership_plans" time="1.074" /></testsuite></testsuites>