<?xml version="1.0" encoding="utf-8"?><testsuites name="pytest tests"><testsuite name="pytest" errors="0" failures="0" skipped="0" tests="11" time="1.622" timestamp="2026-03-20T15:10:43.838784+00:00" hostname="agent-env-f1ae9f46-0b7d-4f49-b577-a8bb828cf8f5"><testcase classname="backend.tests.test_event_registration_iteration18.TestRegistrationInfoAPI" name="test_registration_info_returns_venue_map_link" time="0.132" /><testcase classname="backend.tests.test_event_registration_iteration18.TestRegistrationInfoAPI" name="test_registration_info_returns_additional_person_fee_usd" time="0.098" /><testcase classname="backend.tests.test_event_registration_iteration18.TestRegistrationInfoAPI" name="test_registration_info_returns_additional_person_fee_inr" time="0.088" /><testcase classname="backend.tests.test_event_registration_iteration18.TestRegistrationInfoAPI" name="test_premium_hotels_have_usd_prices" time="0.086" /><testcase classname="backend.tests.test_event_registration_iteration18.TestAdminEventsAPI" name="test_admin_events_returns_additional_person_fee_usd" time="0.424" /><testcase classname="backend.tests.test_event_registration_iteration18.TestAdminEventsAPI" name="test_admin_events_returns_registration_enabled" time="0.091" /><testcase classname="backend.tests.test_event_registration_iteration18.TestEventRegistrationsPage" name="test_event_registrations_endpoint_accessible" time="0.093" /><testcase classname="backend.tests.test_event_registration_iteration18.TestEventRegistrationsPage" name="test_event_registrations_returns_correct_structure" time="0.085" /><testcase classname="backend.tests.test_event_registration_iteration18.TestPublicEventAPI" name="test_public_event_returns_venue_map_link" time="0.104" /><testcase classname="backend.tests.test_event_registration_iteration18.TestPublicEventAPI" name="test_public_events_list" time="0.078" /><testcase classname="backend.tests.test_event_registration_iteration18.TestEventUpdateWithNewFields" name="test_update_event_additional_person_fee_usd" time="0.289" /></testsuite></testsuites>