<?xml version="1.0" encoding="utf-8"?><testsuites name="pytest tests"><testsuite name="pytest" errors="0" failures="0" skipped="0" tests="20" time="2.849" timestamp="2026-03-17T18:22:09.383458+00:00" hostname="agent-env-0df172e5-f9d1-49a8-9c02-88fcc7d9372b"><testcase classname="backend.tests.test_event_registration.TestPublicEventRegistrationInfo" name="test_get_registration_info_success" time="0.144" /><testcase classname="backend.tests.test_event_registration.TestPublicEventRegistrationInfo" name="test_get_registration_info_returns_membership_fees" time="0.085" /><testcase classname="backend.tests.test_event_registration.TestPublicEventRegistrationInfo" name="test_get_registration_info_invalid_event" time="0.105" /><testcase classname="backend.tests.test_event_registration.TestPublicEventRegistrationInfo" name="test_registration_info_has_accommodation_config" time="0.158" /><testcase classname="backend.tests.test_event_registration.TestMemberLookup" name="test_lookup_invalid_phone_short" time="0.083" /><testcase classname="backend.tests.test_event_registration.TestMemberLookup" name="test_lookup_nonexistent_member" time="0.083" /><testcase classname="backend.tests.test_event_registration.TestMemberLookup" name="test_lookup_returns_proper_structure" time="0.154" /><testcase classname="backend.tests.test_event_registration.TestEventRegistration" name="test_register_non_member_success" time="0.130" /><testcase classname="backend.tests.test_event_registration.TestEventRegistration" name="test_register_with_membership_creates_member_application" time="0.099" /><testcase classname="backend.tests.test_event_registration.TestEventRegistration" name="test_register_with_hotel_accommodation" time="0.095" /><testcase classname="backend.tests.test_event_registration.TestEventRegistration" name="test_register_disabled_event" time="0.099" /><testcase classname="backend.tests.test_event_registration.TestAdminEventCreation" name="test_create_event_with_fee_tiers" time="0.551" /><testcase classname="backend.tests.test_event_registration.TestAdminEventCreation" name="test_create_event_requires_auth" time="0.091" /><testcase classname="backend.tests.test_event_registration.TestAdminRegistrationManagement" name="test_get_event_registrations" time="0.089" /><testcase classname="backend.tests.test_event_registration.TestAdminRegistrationManagement" name="test_get_registrations_requires_auth" time="0.081" /><testcase classname="backend.tests.test_event_registration.TestAdminRegistrationManagement" name="test_update_payment_status" time="0.283" /><testcase classname="backend.tests.test_event_registration.TestAdminRegistrationManagement" name="test_export_registrations" time="0.134" /><testcase classname="backend.tests.test_event_registration.TestPublicEventsPage" name="test_get_public_events" time="0.086" /><testcase classname="backend.tests.test_event_registration.TestHealthCheck" name="test_api_accessible" time="0.099" /><testcase classname="backend.tests.test_event_registration.TestCleanup" name="test_cleanup_test_registrations" time="0.108" /></testsuite></testsuites>