<?xml version="1.0" encoding="utf-8"?><testsuites name="pytest tests"><testsuite name="pytest" errors="0" failures="0" skipped="0" tests="24" time="15.434" timestamp="2026-03-09T19:30:47.267651+00:00" hostname="agent-env-3db26fe1-6c24-4fb2-b4b4-ee4eb0f65423"><testcase classname="backend.tests.test_new_features.TestCertificatePDF" name="test_generate_certificate_for_member" time="1.624" /><testcase classname="backend.tests.test_new_features.TestCertificatePDF" name="test_download_certificate_pdf" time="1.217" /><testcase classname="backend.tests.test_new_features.TestCertificatePDF" name="test_certificate_pdf_not_found" time="0.419" /><testcase classname="backend.tests.test_new_features.TestMemberExport" name="test_export_excel_all_members" time="1.042" /><testcase classname="backend.tests.test_new_features.TestMemberExport" name="test_export_excel_filtered_by_status" time="0.407" /><testcase classname="backend.tests.test_new_features.TestMemberExport" name="test_export_excel_filtered_by_type" time="0.427" /><testcase classname="backend.tests.test_new_features.TestMemberExport" name="test_export_pdf_all_members" time="0.464" /><testcase classname="backend.tests.test_new_features.TestMemberExport" name="test_export_pdf_filtered" time="0.482" /><testcase classname="backend.tests.test_new_features.TestSMTPSettings" name="test_get_smtp_settings" time="1.042" /><testcase classname="backend.tests.test_new_features.TestSMTPSettings" name="test_update_smtp_settings" time="0.858" /><testcase classname="backend.tests.test_new_features.TestSMTPSettings" name="test_smtp_test_email" time="0.582" /><testcase classname="backend.tests.test_new_features.TestSMTPSettings" name="test_smtp_settings_requires_super_admin" time="0.000" /><testcase classname="backend.tests.test_new_features.TestFileUpload" name="test_upload_image_file" time="1.040" /><testcase classname="backend.tests.test_new_features.TestFileUpload" name="test_upload_rejects_txt_file" time="0.401" /><testcase classname="backend.tests.test_new_features.TestFileUpload" name="test_upload_pdf_file" time="0.444" /><testcase classname="backend.tests.test_new_features.TestFileUpload" name="test_serve_uploaded_file" time="0.892" /><testcase classname="backend.tests.test_new_features.TestFileUpload" name="test_serve_nonexistent_file" time="0.415" /><testcase classname="backend.tests.test_new_features.TestAdvancedReports" name="test_monthly_growth_endpoint" time="1.072" /><testcase classname="backend.tests.test_new_features.TestAdvancedReports" name="test_monthly_growth_member_data_structure" time="0.414" /><testcase classname="backend.tests.test_new_features.TestAdvancedReports" name="test_monthly_growth_revenue_data_structure" time="0.425" /><testcase classname="backend.tests.test_new_features.TestAdvancedReports" name="test_monthly_growth_type_distribution" time="0.416" /><testcase classname="backend.tests.test_new_features.TestAdvancedReports" name="test_monthly_growth_state_distribution" time="0.433" /><testcase classname="backend.tests.test_new_features.TestAdvancedReports" name="test_reports_stats_endpoint" time="0.452" /><testcase classname="backend.tests.test_new_features.TestHealthCheck" name="test_api_accessible" time="0.408" /></testsuite></testsuites>