<?xml version="1.0" encoding="utf-8"?><testsuites name="pytest tests"><testsuite name="pytest" errors="0" failures="0" skipped="0" tests="7" time="1.004" timestamp="2026-03-20T15:36:25.438924+00:00" hostname="agent-env-f1ae9f46-0b7d-4f49-b577-a8bb828cf8f5"><testcase classname="backend.tests.test_payment_gateway_iteration19.TestPaymentGateway" name="test_payment_settings_returns_config" time="0.159" /><testcase classname="backend.tests.test_payment_gateway_iteration19.TestPaymentGateway" name="test_create_order_with_inr_currency" time="0.232" /><testcase classname="backend.tests.test_payment_gateway_iteration19.TestPaymentGateway" name="test_create_order_with_usd_currency" time="0.123" /><testcase classname="backend.tests.test_payment_gateway_iteration19.TestPaymentGateway" name="test_create_order_default_currency_is_inr" time="0.116" /><testcase classname="backend.tests.test_payment_gateway_iteration19.TestEventRegistrationInfo" name="test_event_registration_info_exists" time="0.114" /><testcase classname="backend.tests.test_payment_gateway_iteration19.TestPaymentModel" name="test_payment_model_currency_field_inr" time="0.112" /><testcase classname="backend.tests.test_payment_gateway_iteration19.TestPaymentModel" name="test_payment_model_currency_field_usd" time="0.086" /></testsuite></testsuites>