<?xml version="1.0" encoding="utf-8"?><testsuites name="pytest tests"><testsuite name="pytest" errors="0" failures="0" skipped="0" tests="11" time="11.792" timestamp="2026-03-20T12:14:24.453138+00:00" hostname="agent-env-f1ae9f46-0b7d-4f49-b577-a8bb828cf8f5"><testcase classname="backend.tests.test_event_management_v17.TestEventManagementEnhancements" name="test_create_event_with_venue_map_link" time="2.105" /><testcase classname="backend.tests.test_event_management_v17.TestEventManagementEnhancements" name="test_create_event_without_speaker_details" time="1.137" /><testcase classname="backend.tests.test_event_management_v17.TestEventManagementEnhancements" name="test_update_event_venue_map_link" time="1.518" /><testcase classname="backend.tests.test_event_management_v17.TestEventManagementEnhancements" name="test_public_events_returns_venue_map_link" time="1.216" /><testcase classname="backend.tests.test_event_management_v17.TestEventManagementEnhancements" name="test_public_event_by_id_returns_venue_map_link" time="1.189" /><testcase classname="backend.tests.test_event_management_v17.TestEventManagementEnhancements" name="test_upload_photo_endpoint" time="0.430" /><testcase classname="backend.tests.test_event_management_v17.TestEventManagementEnhancements" name="test_upload_photo_rejects_non_image" time="0.416" /><testcase classname="backend.tests.test_event_management_v17.TestEventManagementEnhancements" name="test_upload_pdf_endpoint" time="0.392" /><testcase classname="backend.tests.test_event_management_v17.TestEventManagementEnhancements" name="test_upload_pdf_rejects_non_pdf" time="0.414" /><testcase classname="backend.tests.test_event_management_v17.TestEventManagementEnhancements" name="test_existing_event_has_venue_map_link_field" time="1.488" /><testcase classname="backend.tests.test_event_management_v17.TestEventManagementEnhancements" name="test_create_event_with_image_and_brochure_urls" time="1.423" /></testsuite></testsuites>