<?xml version="1.0" encoding="utf-8"?><testsuites name="pytest tests"><testsuite name="pytest" errors="0" failures="0" skipped="0" tests="15" time="12.497" timestamp="2026-03-14T08:57:58.340802+00:00" hostname="agent-env-3db26fe1-6c24-4fb2-b4b4-ee4eb0f65423"><testcase classname="tests.test_email_templates.TestEmailTemplatesAPI" name="test_get_all_email_templates_returns_4_templates" time="0.525" /><testcase classname="tests.test_email_templates.TestEmailTemplatesAPI" name="test_get_single_template_registration_submitted" time="0.440" /><testcase classname="tests.test_email_templates.TestEmailTemplatesAPI" name="test_get_single_template_membership_approved" time="0.441" /><testcase classname="tests.test_email_templates.TestEmailTemplatesAPI" name="test_get_single_template_event_notification" time="0.396" /><testcase classname="tests.test_email_templates.TestEmailTemplatesAPI" name="test_get_single_template_event_participation" time="0.420" /><testcase classname="tests.test_email_templates.TestEmailTemplatesAPI" name="test_update_template_subject_and_body" time="0.655" /><testcase classname="tests.test_email_templates.TestEmailTemplatesAPI" name="test_preview_template_with_sample_data" time="0.381" /><testcase classname="tests.test_email_templates.TestEmailTemplatesAPI" name="test_reset_template_to_default" time="0.507" /><testcase classname="tests.test_email_templates.TestMemberApplyEmailTrigger" name="test_member_apply_creates_email_log" time="2.719" /><testcase classname="tests.test_email_templates.TestMemberApproveEmailTrigger" name="test_approve_member_triggers_welcome_email" time="3.642" /><testcase classname="tests.test_email_templates.TestEventNotification" name="test_notify_event_queues_batch_notification" time="0.706" /><testcase classname="tests.test_email_templates.TestEventNotification" name="test_notify_event_not_found" time="0.402" /><testcase classname="tests.test_email_templates.TestEventClose" name="test_close_event_triggers_participation_certs" time="0.717" /><testcase classname="tests.test_email_templates.TestEventClose" name="test_close_event_not_found" time="0.380" /><testcase classname="tests.test_email_templates.TestHealthCheck" name="test_api_accessible" time="0.077" /></testsuite></testsuites>