<?xml version="1.0" encoding="utf-8"?><testsuites name="pytest tests"><testsuite name="pytest" errors="0" failures="0" skipped="0" tests="11" time="16.912" timestamp="2026-03-20T16:06:11.343838+00:00" hostname="agent-env-aacf1bf5-37bd-4f62-b93b-f708cef32edd"><testcase classname="backend.tests.test_event_registrations_admin.TestAdminLogin" name="test_admin_login" time="0.816" /><testcase classname="backend.tests.test_event_registrations_admin.TestEventRegistrationsAPIs" name="test_get_registrations_list" time="1.075" /><testcase classname="backend.tests.test_event_registrations_admin.TestEventRegistrationsAPIs" name="test_get_events_list" time="1.134" /><testcase classname="backend.tests.test_event_registrations_admin.TestEventRegistrationsAPIs" name="test_export_excel" time="1.045" /><testcase classname="backend.tests.test_event_registrations_admin.TestEventRegistrationsAPIs" name="test_export_pdf" time="1.070" /><testcase classname="backend.tests.test_event_registrations_admin.TestEventRegistrationsAPIs" name="test_export_accommodation_report" time="1.094" /><testcase classname="backend.tests.test_event_registrations_admin.TestManualRegistration" name="test_create_manual_registration" time="1.935" /><testcase classname="backend.tests.test_event_registrations_admin.TestEditRegistration" name="test_edit_registration_v2_fields" time="2.233" /><testcase classname="backend.tests.test_event_registrations_admin.TestPaymentStatus" name="test_update_payment_status" time="2.269" /><testcase classname="backend.tests.test_event_registrations_admin.TestAccommodationUpdate" name="test_update_accommodation_assignment" time="2.248" /><testcase classname="backend.tests.test_event_registrations_admin.TestDeleteRegistration" name="test_delete_registration" time="1.913" /></testsuite></testsuites>