<?xml version="1.0" encoding="utf-8"?><testsuites name="pytest tests"><testsuite name="pytest" errors="0" failures="0" skipped="0" tests="12" time="4.963" timestamp="2026-03-19T05:39:09.292563+00:00" hostname="agent-env-5f9c99f6-99c2-4f4f-ab61-d30fa2021f04"><testcase classname="backend.tests.test_event_reg_admin_enhancements.TestEventRegistrationAdminEnhancements" name="test_manual_registration_basic" time="0.748" /><testcase classname="backend.tests.test_event_reg_admin_enhancements.TestEventRegistrationAdminEnhancements" name="test_manual_registration_with_accommodation" time="0.104" /><testcase classname="backend.tests.test_event_reg_admin_enhancements.TestEventRegistrationAdminEnhancements" name="test_manual_registration_invalid_event" time="0.076" /><testcase classname="backend.tests.test_event_reg_admin_enhancements.TestEventRegistrationAdminEnhancements" name="test_edit_registration_name_email" time="0.280" /><testcase classname="backend.tests.test_event_reg_admin_enhancements.TestEventRegistrationAdminEnhancements" name="test_edit_registration_fees" time="0.276" /><testcase classname="backend.tests.test_event_reg_admin_enhancements.TestEventRegistrationAdminEnhancements" name="test_edit_registration_payment_status" time="0.276" /><testcase classname="backend.tests.test_event_reg_admin_enhancements.TestEventRegistrationAdminEnhancements" name="test_edit_registration_not_found" time="0.087" /><testcase classname="backend.tests.test_event_reg_admin_enhancements.TestEventRegistrationAdminEnhancements" name="test_delete_registration" time="0.265" /><testcase classname="backend.tests.test_event_reg_admin_enhancements.TestEventRegistrationAdminEnhancements" name="test_delete_registration_not_found" time="0.082" /><testcase classname="backend.tests.test_event_reg_admin_enhancements.TestEventRegistrationAdminEnhancements" name="test_delete_then_verify_404" time="1.588" /><testcase classname="backend.tests.test_event_reg_admin_enhancements.TestStatsUpdate" name="test_stats_update_on_add" time="0.690" /><testcase classname="backend.tests.test_event_reg_admin_enhancements.TestStatsUpdate" name="test_stats_update_on_delete" time="0.401" /></testsuite></testsuites>