<?xml version="1.0" encoding="utf-8"?><testsuites name="pytest tests"><testsuite name="pytest" errors="0" failures="1" skipped="0" tests="26" time="17.478" timestamp="2026-03-20T03:59:41.664342+00:00" hostname="agent-env-4bae2b52-65e4-42ad-a9c9-bfe751a0b04e"><testcase classname="backend.tests.test_whatsapp_integration.TestWhatsAppSettings" name="test_get_whatsapp_settings_empty" time="0.489" /><testcase classname="backend.tests.test_whatsapp_integration.TestWhatsAppSettings" name="test_save_whatsapp_settings" time="0.492" /><testcase classname="backend.tests.test_whatsapp_integration.TestWhatsAppSettings" name="test_save_settings_partial_update" time="0.533" /><testcase classname="backend.tests.test_whatsapp_integration.TestWhatsAppInstanceManagement" name="test_connect_instance" time="1.518" /><testcase classname="backend.tests.test_whatsapp_integration.TestWhatsAppInstanceManagement" name="test_get_connection_status" time="1.437" /><testcase classname="backend.tests.test_whatsapp_integration.TestWhatsAppInstanceManagement" name="test_get_qr_code" time="1.487" /><testcase classname="backend.tests.test_whatsapp_integration.TestWhatsAppInstanceManagement" name="test_get_qr_without_instance_fails" time="1.553"><failure message="assert 200 == 400&#10; +  where 200 = &lt;Response [200]&gt;.status_code">backend/tests/test_whatsapp_integration.py:158: in test_get_qr_without_instance_fails
    assert resp.status_code == 400
E   assert 200 == 400
E    +  where 200 = &lt;Response [200]&gt;.status_code</failure></testcase><testcase classname="backend.tests.test_whatsapp_integration.TestWhatsAppInstanceManagement" name="test_disconnect_instance" time="2.096" /><testcase classname="backend.tests.test_whatsapp_integration.TestWhatsAppInstanceManagement" name="test_list_instances" time="1.435" /><testcase classname="backend.tests.test_whatsapp_integration.TestWhatsAppMessaging" name="test_send_test_message_requires_phone" time="0.488" /><testcase classname="backend.tests.test_whatsapp_integration.TestWhatsAppMessaging" name="test_send_test_message" time="1.468" /><testcase classname="backend.tests.test_whatsapp_integration.TestWhatsAppMessaging" name="test_send_bulk_requires_message" time="0.460" /><testcase classname="backend.tests.test_whatsapp_integration.TestWhatsAppMessaging" name="test_send_bulk_starts_background_task" time="0.452" /><testcase classname="backend.tests.test_whatsapp_integration.TestWhatsAppMessaging" name="test_send_bulk_to_event_registrants" time="0.477" /><testcase classname="backend.tests.test_whatsapp_integration.TestWhatsAppLogs" name="test_get_whatsapp_logs" time="0.377" /><testcase classname="backend.tests.test_whatsapp_integration.TestWhatsAppLogs" name="test_get_whatsapp_logs_with_limit" time="0.374" /><testcase classname="backend.tests.test_whatsapp_integration.TestWhatsAppWebhook" name="test_webhook_receives_data" time="0.080" /><testcase classname="backend.tests.test_whatsapp_integration.TestWhatsAppWebhook" name="test_webhook_no_auth_required" time="0.083" /><testcase classname="backend.tests.test_whatsapp_integration.TestWhatsAppNotificationHooks" name="test_membership_apply_has_whatsapp_notification" time="0.474" /><testcase classname="backend.tests.test_whatsapp_integration.TestWhatsAppNotificationHooks" name="test_member_approval_has_whatsapp_notification" time="0.673" /><testcase classname="backend.tests.test_whatsapp_integration.TestWhatsAppNotificationHooks" name="test_member_rejection_has_whatsapp_notification" time="0.533" /><testcase classname="backend.tests.test_whatsapp_integration.TestWhatsAppAuthRequired" name="test_settings_requires_auth" time="0.084" /><testcase classname="backend.tests.test_whatsapp_integration.TestWhatsAppAuthRequired" name="test_update_settings_requires_auth" time="0.078" /><testcase classname="backend.tests.test_whatsapp_integration.TestWhatsAppAuthRequired" name="test_connect_requires_auth" time="0.076" /><testcase classname="backend.tests.test_whatsapp_integration.TestWhatsAppAuthRequired" name="test_status_requires_auth" time="0.081" /><testcase classname="backend.tests.test_whatsapp_integration.TestWhatsAppAuthRequired" name="test_logs_requires_auth" time="0.073" /></testsuite></testsuites>