<?xml version="1.0" encoding="utf-8"?><testsuites name="pytest tests"><testsuite name="pytest" errors="0" failures="0" skipped="0" tests="12" time="12.682" timestamp="2026-03-09T19:10:20.739753+00:00" hostname="agent-env-3db26fe1-6c24-4fb2-b4b4-ee4eb0f65423"><testcase classname="backend.tests.test_founders_executive.TestPublicFoundersAPI" name="test_get_public_founders" time="0.651" /><testcase classname="backend.tests.test_founders_executive.TestPublicFoundersAPI" name="test_founders_have_member_ids" time="0.433" /><testcase classname="backend.tests.test_founders_executive.TestPublicExecutiveCouncilAPI" name="test_get_public_executive" time="0.451" /><testcase classname="backend.tests.test_founders_executive.TestPublicExecutiveCouncilAPI" name="test_executive_council_ordering" time="0.438" /><testcase classname="backend.tests.test_founders_executive.TestAdminFoundersAPI" name="test_get_admin_founders" time="1.224" /><testcase classname="backend.tests.test_founders_executive.TestAdminFoundersAPI" name="test_get_admin_council" time="1.050" /><testcase classname="backend.tests.test_founders_executive.TestAdminExecutiveCRUD" name="test_create_founder_entry" time="1.972" /><testcase classname="backend.tests.test_founders_executive.TestAdminExecutiveCRUD" name="test_create_council_entry" time="1.917" /><testcase classname="backend.tests.test_founders_executive.TestAdminExecutiveCRUD" name="test_create_entry_with_member_id" time="1.916" /><testcase classname="backend.tests.test_founders_executive.TestSeedMembersCollection" name="test_seed_members_exist" time="1.103" /><testcase classname="backend.tests.test_founders_executive.TestSeedMembersCollection" name="test_membership_types" time="1.052" /><testcase classname="backend.tests.test_founders_executive.TestPublicMembersListing" name="test_public_members_count" time="0.401" /></testsuite></testsuites>