<?xml version="1.0" encoding="utf-8"?><testsuites name="pytest tests"><testsuite name="pytest" errors="0" failures="0" skipped="0" tests="12" time="2.358" timestamp="2026-03-18T16:53:41.143904+00:00" hostname="agent-env-0df172e5-f9d1-49a8-9c02-88fcc7d9372b"><testcase classname="backend.tests.test_event_registrations_mgmt.TestEventRegistrationsList" name="test_get_registrations_list" time="0.499" /><testcase classname="backend.tests.test_event_registrations_mgmt.TestAccommodationAssignment" name="test_update_accommodation_fields" time="0.476" /><testcase classname="backend.tests.test_event_registrations_mgmt.TestAccommodationAssignment" name="test_update_accommodation_partial" time="0.091" /><testcase classname="backend.tests.test_event_registrations_mgmt.TestExportEndpoints" name="test_export_excel_registrations" time="0.125" /><testcase classname="backend.tests.test_event_registrations_mgmt.TestExportEndpoints" name="test_export_pdf_registrations" time="0.090" /><testcase classname="backend.tests.test_event_registrations_mgmt.TestExportEndpoints" name="test_export_accommodation_report" time="0.118" /><testcase classname="backend.tests.test_event_registrations_mgmt.TestSendAccommodation" name="test_send_whatsapp_returns_url" time="0.223" /><testcase classname="backend.tests.test_event_registrations_mgmt.TestSendAccommodation" name="test_send_email_attempts_send" time="0.269" /><testcase classname="backend.tests.test_event_registrations_mgmt.TestSendAccommodation" name="test_send_invalid_channel" time="0.102" /><testcase classname="backend.tests.test_event_registrations_mgmt.TestBulkSendAccommodation" name="test_bulk_send_email" time="0.090" /><testcase classname="backend.tests.test_event_registrations_mgmt.TestBulkSendAccommodation" name="test_bulk_send_whatsapp" time="0.087" /><testcase classname="backend.tests.test_event_registrations_mgmt.TestCleanup" name="test_restore_test_registration" time="0.121" /></testsuite></testsuites>