<?xml version="1.0" encoding="utf-8"?><testsuites name="pytest tests"><testsuite name="pytest" errors="0" failures="0" skipped="0" tests="19" time="2.563" timestamp="2026-04-09T16:47:38.498844+00:00" hostname="agent-env-aacf1bf5-37bd-4f62-b93b-f708cef32edd"><testcase classname="backend.tests.test_certificate_designer_v2.TestPlanLinkingEndpoints" name="test_01_create_template_for_linking" time="0.624" /><testcase classname="backend.tests.test_certificate_designer_v2.TestPlanLinkingEndpoints" name="test_02_link_template_to_academic_plan" time="0.211" /><testcase classname="backend.tests.test_certificate_designer_v2.TestPlanLinkingEndpoints" name="test_03_verify_template_linked" time="0.094" /><testcase classname="backend.tests.test_certificate_designer_v2.TestPlanLinkingEndpoints" name="test_04_get_template_by_plan_academic" time="0.086" /><testcase classname="backend.tests.test_certificate_designer_v2.TestPlanLinkingEndpoints" name="test_05_link_template_to_entrepreneur_plan" time="0.095" /><testcase classname="backend.tests.test_certificate_designer_v2.TestPlanLinkingEndpoints" name="test_06_get_template_by_plan_entrepreneur" time="0.115" /><testcase classname="backend.tests.test_certificate_designer_v2.TestPlanLinkingEndpoints" name="test_07_unlink_template" time="0.080" /><testcase classname="backend.tests.test_certificate_designer_v2.TestPlanLinkingEndpoints" name="test_08_get_by_plan_not_found" time="0.084" /><testcase classname="backend.tests.test_certificate_designer_v2.TestPlanLinkingEndpoints" name="test_09_cleanup_test_template" time="0.075" /><testcase classname="backend.tests.test_certificate_designer_v2.TestOpacityProperty" name="test_01_create_template_with_opacity" time="0.074" /><testcase classname="backend.tests.test_certificate_designer_v2.TestOpacityProperty" name="test_02_update_element_opacity" time="0.197" /><testcase classname="backend.tests.test_certificate_designer_v2.TestOpacityProperty" name="test_03_preview_template_with_opacity" time="0.112" /><testcase classname="backend.tests.test_certificate_designer_v2.TestOpacityProperty" name="test_04_cleanup_opacity_template" time="0.086" /><testcase classname="backend.tests.test_certificate_designer_v2.TestMultiLineTextContent" name="test_01_create_template_with_multiline_text" time="0.094" /><testcase classname="backend.tests.test_certificate_designer_v2.TestMultiLineTextContent" name="test_02_preview_multiline_text_pdf" time="0.094" /><testcase classname="backend.tests.test_certificate_designer_v2.TestMultiLineTextContent" name="test_03_cleanup_multiline_template" time="0.079" /><testcase classname="backend.tests.test_certificate_designer_v2.TestExistingTemplateWithElements" name="test_01_get_template_with_elements" time="0.101" /><testcase classname="backend.tests.test_certificate_designer_v2.TestExistingTemplateWithElements" name="test_02_preview_template_with_elements" time="0.084" /><testcase classname="backend.tests.test_certificate_designer_v2.TestLinkedMembershipTypeInList" name="test_01_list_templates_shows_linked_type" time="0.095" /></testsuite></testsuites>