<?xml version="1.0" encoding="utf-8"?><testsuites name="pytest tests"><testsuite name="pytest" errors="0" failures="0" skipped="0" tests="8" time="1.286" timestamp="2026-07-15T02:50:23.270384+00:00" hostname="agent-env-aacf1bf5-37bd-4f62-b93b-f708cef32edd"><testcase classname="backend.tests.test_event_detail_page.TestPublicEvent" name="test_public_event_exists" time="0.253" /><testcase classname="backend.tests.test_event_detail_page.TestPublicEvent" name="test_public_event_details_endpoint" time="0.093" /><testcase classname="backend.tests.test_event_detail_page.TestPublicEvent" name="test_public_event_details_not_leak_objectid" time="0.077" /><testcase classname="backend.tests.test_event_detail_page.TestPublicEvent" name="test_public_event_details_missing_returns_empty" time="0.081" /><testcase classname="backend.tests.test_event_detail_page.TestAdminEventDetails" name="test_admin_get_event_details_requires_auth" time="0.080" /><testcase classname="backend.tests.test_event_detail_page.TestAdminEventDetails" name="test_admin_get_event_details_ok" time="0.424" /><testcase classname="backend.tests.test_event_detail_page.TestAdminEventDetails" name="test_admin_put_event_details_persists" time="0.149" /><testcase classname="backend.tests.test_event_detail_page.TestAdminEventDetails" name="test_admin_members_endpoint_for_committee_linking" time="0.072" /></testsuite></testsuites>