<?xml version="1.0" encoding="utf-8"?><testsuites name="pytest tests"><testsuite name="pytest" errors="0" failures="0" skipped="0" tests="12" time="5.577" timestamp="2026-03-18T17:47:39.068121+00:00" hostname="agent-env-5f9c99f6-99c2-4f4f-ab61-d30fa2021f04"><testcase classname="backend.tests.test_payment_flow_iteration10.TestPublicPaymentSettings" name="test_get_public_payment_settings" time="0.581" /><testcase classname="backend.tests.test_payment_flow_iteration10.TestUPIQRGeneration" name="test_generate_upi_qr" time="0.502" /><testcase classname="backend.tests.test_payment_flow_iteration10.TestUTRSubmission" name="test_submit_utr_upi" time="0.367" /><testcase classname="backend.tests.test_payment_flow_iteration10.TestUTRSubmission" name="test_submit_utr_bank_transfer" time="0.362" /><testcase classname="backend.tests.test_payment_flow_iteration10.TestUTRSubmission" name="test_submit_utr_empty_utr_rejected" time="0.371" /><testcase classname="backend.tests.test_payment_flow_iteration10.TestAdminPaymentSettings" name="test_get_admin_payment_settings" time="1.060" /><testcase classname="backend.tests.test_payment_flow_iteration10.TestAdminPaymentSettings" name="test_get_admin_payment_settings_unauthorized" time="0.364" /><testcase classname="backend.tests.test_payment_flow_iteration10.TestAdminPaymentsList" name="test_get_admin_payments" time="0.379" /><testcase classname="backend.tests.test_payment_flow_iteration10.TestAdminPaymentsList" name="test_get_admin_payments_unauthorized" time="0.373" /><testcase classname="backend.tests.test_payment_flow_iteration10.TestEventRegistrationPayment" name="test_event_registration_info" time="0.362" /><testcase classname="backend.tests.test_payment_flow_iteration10.TestEventRegistrationPayment" name="test_event_registration_creates_pending_payment" time="0.365" /><testcase classname="backend.tests.test_payment_flow_iteration10.TestPaymentOrderCreation" name="test_create_payment_order_without_razorpay" time="0.374" /></testsuite></testsuites>