<?xml version="1.0" encoding="utf-8"?><testsuites name="pytest tests"><testsuite name="pytest" errors="0" failures="0" skipped="0" tests="12" time="4.332" timestamp="2026-03-19T05:23:02.062554+00:00" hostname="agent-env-5f9c99f6-99c2-4f4f-ab61-d30fa2021f04"><testcase classname="backend.tests.test_membership_overhaul.TestPublicMembershipApply" name="test_apply_with_prefix_and_structured_address" time="0.162" /><testcase classname="backend.tests.test_membership_overhaul.TestPublicMembershipApply" name="test_apply_with_same_address_flag" time="0.122" /><testcase classname="backend.tests.test_membership_overhaul.TestPublicPhotoUpload" name="test_photo_upload_no_auth_required" time="0.096" /><testcase classname="backend.tests.test_membership_overhaul.TestPublicPhotoUpload" name="test_photo_upload_rejects_non_image" time="0.083" /><testcase classname="backend.tests.test_membership_overhaul.TestAdminMemberActions" name="test_hold_member" time="0.544" /><testcase classname="backend.tests.test_membership_overhaul.TestAdminMemberActions" name="test_approve_member_generates_correct_id" time="0.503" /><testcase classname="backend.tests.test_membership_overhaul.TestAdminMemberActions" name="test_approve_entrepreneur_generates_ent_id" time="0.466" /><testcase classname="backend.tests.test_membership_overhaul.TestAdminMemberActions" name="test_change_member_type_regenerates_id" time="0.503" /><testcase classname="backend.tests.test_membership_overhaul.TestAdminMemberActions" name="test_send_email_to_member" time="0.465" /><testcase classname="backend.tests.test_membership_overhaul.TestAdminMemberActions" name="test_reject_member" time="0.518" /><testcase classname="backend.tests.test_membership_overhaul.TestAdminMembersView" name="test_get_members_returns_prefix_and_addresses" time="0.387" /><testcase classname="backend.tests.test_membership_overhaul.TestAdminMembersView" name="test_filter_by_status_hold" time="0.391" /></testsuite></testsuites>