<?xml version="1.0" encoding="utf-8"?><testsuites name="pytest tests"><testsuite name="pytest" errors="0" failures="2" skipped="0" tests="26" time="23.614" timestamp="2026-03-18T18:09:50.571330+00:00" hostname="agent-env-5f9c99f6-99c2-4f4f-ab61-d30fa2021f04"><testcase classname="backend.tests.test_payment_admin_features.TestPaymentAdminEndpoints" name="test_admin_get_payments_list" time="1.129" /><testcase classname="backend.tests.test_payment_admin_features.TestPaymentAdminEndpoints" name="test_admin_payments_have_required_fields" time="0.418" /><testcase classname="backend.tests.test_payment_admin_features.TestPaymentAdminEndpoints" name="test_admin_payments_unauthorized" time="0.410" /><testcase classname="backend.tests.test_payment_admin_features.TestPaymentAdminEndpoints" name="test_admin_add_manual_payment" time="0.419" /><testcase classname="backend.tests.test_payment_admin_features.TestPaymentAdminEndpoints" name="test_admin_update_payment" time="0.813" /><testcase classname="backend.tests.test_payment_admin_features.TestPaymentAdminEndpoints" name="test_admin_update_payment_amount" time="0.834" /><testcase classname="backend.tests.test_payment_admin_features.TestPaymentAdminEndpoints" name="test_admin_update_nonexistent_payment" time="0.414" /><testcase classname="backend.tests.test_payment_admin_features.TestPaymentAdminEndpoints" name="test_admin_approve_payment" time="1.251" /><testcase classname="backend.tests.test_payment_admin_features.TestPaymentAdminEndpoints" name="test_admin_reject_payment" time="0.824"><failure message="assert 404 == 200&#10; +  where 404 = &lt;Response [404]&gt;.status_code">backend/tests/test_payment_admin_features.py:214: in test_admin_reject_payment
    assert response.status_code == 200
E   assert 404 == 200
E    +  where 404 = &lt;Response [404]&gt;.status_code</failure></testcase><testcase classname="backend.tests.test_payment_admin_features.TestPaymentAdminEndpoints" name="test_admin_refund_payment" time="1.250" /><testcase classname="backend.tests.test_payment_admin_features.TestPaymentAdminEndpoints" name="test_admin_delete_payment" time="1.714" /><testcase classname="backend.tests.test_payment_admin_features.TestPaymentAdminEndpoints" name="test_admin_delete_nonexistent_payment" time="0.415" /><testcase classname="backend.tests.test_payment_admin_features.TestPaymentSettingsEndpoints" name="test_admin_get_payment_settings" time="1.064" /><testcase classname="backend.tests.test_payment_admin_features.TestPaymentSettingsEndpoints" name="test_admin_payment_settings_has_razorpay_fields" time="0.418" /><testcase classname="backend.tests.test_payment_admin_features.TestPaymentSettingsEndpoints" name="test_admin_payment_settings_has_method_toggles" time="0.409" /><testcase classname="backend.tests.test_payment_admin_features.TestPaymentSettingsEndpoints" name="test_admin_update_payment_settings" time="0.840" /><testcase classname="backend.tests.test_payment_admin_features.TestPaymentSettingsEndpoints" name="test_admin_add_bank_account" time="1.279" /><testcase classname="backend.tests.test_payment_admin_features.TestPaymentSettingsEndpoints" name="test_admin_add_upi_id" time="1.241" /><testcase classname="backend.tests.test_payment_admin_features.TestPaymentSettingsEndpoints" name="test_admin_toggle_payment_methods" time="1.721" /><testcase classname="backend.tests.test_payment_admin_features.TestPaymentSettingsEndpoints" name="test_public_get_payment_settings" time="0.401" /><testcase classname="backend.tests.test_payment_admin_features.TestPaymentSettingsEndpoints" name="test_public_settings_respects_method_toggles" time="1.850" /><testcase classname="backend.tests.test_payment_admin_features.TestMembershipApplicationFlow" name="test_membership_apply_creates_member" time="0.409" /><testcase classname="backend.tests.test_payment_admin_features.TestMembershipApplicationFlow" name="test_membership_fee_amounts" time="0.000" /><testcase classname="backend.tests.test_payment_admin_features.TestMembershipApplicationFlow" name="test_membership_payment_submission" time="0.403"><failure message="AssertionError: assert 'payment_id' in {'message': 'Payment submitted for verification', 'payment': {'amount': 3100.0, 'created_at': '2026-03-18T18:10:10.392365+00:00', 'currency': 'INR', 'event_registration_id': '', ...}}">backend/tests/test_payment_admin_features.py:562: in test_membership_payment_submission
    assert "payment_id" in data
E   AssertionError: assert 'payment_id' in {'message': 'Payment submitted for verification', 'payment': {'amount': 3100.0, 'created_at': '2026-03-18T18:10:10.392365+00:00', 'currency': 'INR', 'event_registration_id': '', ...}}</failure></testcase><testcase classname="backend.tests.test_payment_admin_features.TestCleanup" name="test_cleanup_test_payments" time="2.727" /><testcase classname="backend.tests.test_payment_admin_features.TestCleanup" name="test_cleanup_test_bank_upis" time="0.830" /></testsuite></testsuites>