<?xml version="1.0" encoding="utf-8"?><testsuites name="pytest tests"><testsuite name="pytest" errors="0" failures="0" skipped="0" tests="23" time="10.900" timestamp="2026-04-09T17:09:35.674563+00:00" hostname="agent-env-aacf1bf5-37bd-4f62-b93b-f708cef32edd"><testcase classname="backend.tests.test_whatsapp_marketing_campaign.TestWhatsAppCampaignCreate" name="test_create_campaign_requires_message" time="0.508" /><testcase classname="backend.tests.test_whatsapp_marketing_campaign.TestWhatsAppCampaignCreate" name="test_create_campaign_basic" time="0.470" /><testcase classname="backend.tests.test_whatsapp_marketing_campaign.TestWhatsAppCampaignCreate" name="test_create_campaign_with_reference_code" time="0.472" /><testcase classname="backend.tests.test_whatsapp_marketing_campaign.TestWhatsAppCampaignCreate" name="test_create_campaign_without_reference_code" time="0.410" /><testcase classname="backend.tests.test_whatsapp_marketing_campaign.TestWhatsAppCampaignCreate" name="test_create_campaign_batch_size_limits" time="0.594" /><testcase classname="backend.tests.test_whatsapp_marketing_campaign.TestWhatsAppCampaignCreate" name="test_create_campaign_interval_minimum" time="0.430" /><testcase classname="backend.tests.test_whatsapp_marketing_campaign.TestWhatsAppCampaignCreate" name="test_create_campaign_with_media_image" time="0.414" /><testcase classname="backend.tests.test_whatsapp_marketing_campaign.TestWhatsAppCampaignCreate" name="test_create_campaign_with_media_document" time="0.457" /><testcase classname="backend.tests.test_whatsapp_marketing_campaign.TestWhatsAppCampaignCreate" name="test_create_campaign_custom_phones" time="0.441" /><testcase classname="backend.tests.test_whatsapp_marketing_campaign.TestWhatsAppCampaignCreate" name="test_create_campaign_event_target" time="0.439" /><testcase classname="backend.tests.test_whatsapp_marketing_campaign.TestWhatsAppCampaignCreate" name="test_create_campaign_membership_filter" time="0.388" /><testcase classname="backend.tests.test_whatsapp_marketing_campaign.TestWhatsAppCampaignList" name="test_list_campaigns" time="0.468" /><testcase classname="backend.tests.test_whatsapp_marketing_campaign.TestWhatsAppCampaignList" name="test_list_campaigns_sorted_by_created_at" time="0.399" /><testcase classname="backend.tests.test_whatsapp_marketing_campaign.TestWhatsAppCampaignGet" name="test_get_campaign_by_id" time="0.589" /><testcase classname="backend.tests.test_whatsapp_marketing_campaign.TestWhatsAppCampaignGet" name="test_get_campaign_not_found" time="0.535" /><testcase classname="backend.tests.test_whatsapp_marketing_campaign.TestWhatsAppSendTest" name="test_send_test_requires_phone" time="0.410" /><testcase classname="backend.tests.test_whatsapp_marketing_campaign.TestWhatsAppSendTest" name="test_send_test_message" time="1.233" /><testcase classname="backend.tests.test_whatsapp_marketing_campaign.TestWhatsAppStatus" name="test_get_status" time="1.027" /><testcase classname="backend.tests.test_whatsapp_marketing_campaign.TestWhatsAppCampaignAuth" name="test_create_campaign_requires_auth" time="0.090" /><testcase classname="backend.tests.test_whatsapp_marketing_campaign.TestWhatsAppCampaignAuth" name="test_list_campaigns_requires_auth" time="0.082" /><testcase classname="backend.tests.test_whatsapp_marketing_campaign.TestWhatsAppCampaignAuth" name="test_get_campaign_requires_auth" time="0.091" /><testcase classname="backend.tests.test_whatsapp_marketing_campaign.TestWhatsAppLogs" name="test_get_logs" time="0.451" /><testcase classname="backend.tests.test_whatsapp_marketing_campaign.TestWhatsAppLogs" name="test_get_logs_with_limit" time="0.406" /></testsuite></testsuites>